TN:
SF:src/modules/appointments/services/CreateAppointmentService.ts
FN:17,(anonymous_18)
FN:19,CreateAppointmentService
FN:27,(anonymous_20)
FNF:3
FNH:3
FNDA:1,(anonymous_18)
FNDA:6,CreateAppointmentService
FNDA:7,(anonymous_20)
DA:1,1
DA:2,1
DA:7,1
DA:17,1
DA:21,6
DA:24,6
DA:27,7
DA:29,7
DA:31,6
DA:33,6
DA:34,2
DA:37,4
DA:39,4
DA:40,1
DA:43,3
DA:47,3
DA:48,1
DA:51,2
DA:57,2
DA:59,4
DA:64,2
DA:67,1
DA:69,1
LF:23
LH:23
BRDA:29,0,0,1
BRDA:33,1,0,2
BRDA:33,2,0,6
BRDA:33,2,1,5
BRDA:39,3,0,1
BRDA:47,4,0,1
BRF:6
BRH:6
end_of_record
TN:
SF:src/modules/appointments/services/ListProviderAppointmentsService.ts
FN:17,(anonymous_17)
FN:19,ListProviderAppointmentsService
FN:24,(anonymous_19)
FNF:3
FNH:3
FNDA:1,(anonymous_17)
FNDA:1,ListProviderAppointmentsService
FNDA:1,(anonymous_19)
DA:1,1
DA:17,1
DA:21,1
DA:24,1
DA:26,1
DA:33,1
DA:37,1
DA:39,1
LF:8
LH:8
BRF:0
BRH:0
end_of_record
TN:
SF:src/modules/appointments/services/ListProvidersDayAvailabilityService.ts
FN:19,(anonymous_17)
FN:21,ListProvidersDayAvailabityService
FN:26,(anonymous_19)
FN:39,(anonymous_22)
FN:44,(anonymous_23)
FN:46,(anonymous_24)
FNF:6
FNH:6
FNDA:1,(anonymous_17)
FNDA:1,ListProvidersDayAvailabityService
FNDA:1,(anonymous_19)
FNDA:10,(anonymous_22)
FNDA:10,(anonymous_23)
FNDA:19,(anonymous_24)
DA:1,1
DA:2,1
DA:19,1
DA:23,1
DA:26,1
DA:28,1
DA:35,1
DA:37,1
DA:39,10
DA:42,1
DA:44,1
DA:45,10
DA:46,19
DA:49,10
DA:51,10
DA:57,1
DA:61,1
DA:63,1
LF:18
LH:18
BRDA:28,0,0,1
BRDA:53,1,0,10
BRDA:53,1,1,8
BRF:3
BRH:3
end_of_record
TN:
SF:src/modules/appointments/services/ListProvidersMonthAvailabilityService.ts
FN:18,(anonymous_17)
FN:20,ListProvidersMonthAvailabityService
FN:25,(anonymous_19)
FN:37,(anonymous_22)
FN:40,(anonymous_23)
FN:41,(anonymous_24)
FNF:6
FNH:6
FNDA:1,(anonymous_17)
FNDA:1,ListProvidersMonthAvailabityService
FNDA:1,(anonymous_19)
FNDA:31,(anonymous_22)
FNDA:31,(anonymous_23)
FNDA:341,(anonymous_24)
DA:1,1
DA:2,1
DA:18,1
DA:22,1
DA:25,1
DA:27,1
DA:33,1
DA:35,1
DA:37,31
DA:40,1
DA:41,31
DA:42,341
DA:45,31
DA:51,1
DA:55,1
DA:57,1
LF:16
LH:16
BRDA:27,0,0,1
BRF:1
BRH:1
end_of_record
TN:
SF:src/modules/appointments/services/ListProvidersService.ts
FN:11,(anonymous_17)
FN:13,ListProvidersService
FN:18,(anonymous_19)
FNF:3
FNH:3
FNDA:1,(anonymous_17)
FNDA:1,ListProvidersService
FNDA:1,(anonymous_19)
DA:1,1
DA:11,1
DA:15,1
DA:18,1
DA:20,1
DA:24,1
DA:27,1
DA:29,1
LF:8
LH:8
BRDA:20,0,0,1
BRF:1
BRH:1
end_of_record
TN:
SF:src/modules/users/services/AuthenticateUserService.ts
FN:22,(anonymous_18)
FN:24,AuthenticateUserService
FN:32,(anonymous_20)
FNF:3
FNH:3
FNDA:1,(anonymous_18)
FNDA:3,AuthenticateUserService
FNDA:3,(anonymous_20)
DA:1,1
DA:2,1
DA:7,1
DA:8,1
DA:22,1
DA:26,3
DA:29,3
DA:32,3
DA:34,3
DA:36,3
DA:37,1
DA:40,2
DA:42,2
DA:43,1
DA:46,1
DA:48,1
DA:53,1
DA:60,1
DA:62,1
LF:19
LH:19
BRDA:34,0,0,3
BRDA:36,1,0,1
BRDA:42,2,0,1
BRF:3
BRH:3
end_of_record
TN:
SF:src/modules/users/services/CreateUserService.ts
FN:16,(anonymous_18)
FN:18,CreateUserService
FN:26,(anonymous_20)
FNF:3
FNH:3
FNDA:2,(anonymous_18)
FNDA:7,CreateUserService
FNDA:5,(anonymous_20)
DA:1,2
DA:7,2
DA:16,2
DA:20,7
DA:23,7
DA:26,5
DA:29,5
DA:31,5
DA:32,1
DA:35,4
DA:37,4
DA:43,4
DA:46,2
DA:48,2
LF:14
LH:14
BRDA:29,0,0,5
BRDA:31,1,0,1
BRF:2
BRH:2
end_of_record
TN:
SF:src/modules/users/services/ResetPasswordService.ts
FN:16,(anonymous_18)
FN:18,ResetPasswordService
FN:29,(anonymous_20)
FNF:3
FNH:3
FNDA:1,(anonymous_18)
FNDA:4,ResetPasswordService
FNDA:4,(anonymous_20)
DA:1,1
DA:2,1
DA:8,1
DA:16,1
DA:20,4
DA:23,4
DA:26,4
DA:29,4
DA:31,4
DA:33,4
DA:35,3
DA:37,3
DA:39,2
DA:40,2
DA:42,2
DA:44,1
DA:46,2
DA:49,1
DA:51,1
LF:19
LH:19
BRDA:31,0,0,4
BRDA:33,1,0,1
BRDA:37,2,0,1
BRDA:42,3,0,1
BRF:4
BRH:4
end_of_record
TN:
SF:src/modules/users/services/SendForgotPasswordEmailService.ts
FN:17,(anonymous_18)
FN:20,SendForgotPasswordEmailService
FN:31,(anonymous_20)
FNF:3
FNH:3
FNDA:1,(anonymous_18)
FNDA:3,SendForgotPasswordEmailService
FNDA:3,(anonymous_20)
DA:1,1
DA:2,1
DA:9,1
DA:17,1
DA:22,3
DA:25,3
DA:28,3
DA:31,3
DA:33,3
DA:35,3
DA:37,2
DA:39,2
DA:46,4
DA:63,1
DA:65,1
LF:15
LH:15
BRDA:33,0,0,3
BRDA:35,1,0,1
BRF:2
BRH:2
end_of_record
TN:
SF:src/modules/users/services/ShowProfileService.ts
FN:13,(anonymous_18)
FN:15,ShowProfileService
FN:21,(anonymous_20)
FNF:3
FNH:3
FNDA:1,(anonymous_18)
FNDA:2,ShowProfileService
FNDA:2,(anonymous_20)
DA:4,1
DA:5,1
DA:13,1
DA:17,2
DA:21,2
DA:23,2
DA:25,2
DA:27,1
DA:30,1
DA:32,1
LF:10
LH:10
BRDA:23,0,0,2
BRDA:25,1,0,1
BRF:2
BRH:2
end_of_record
TN:
SF:src/modules/users/services/UpdateProfileService.ts
FN:18,(anonymous_18)
FN:21,UpdateProfileService
FN:29,(anonymous_20)
FNF:3
FNH:3
FNDA:1,(anonymous_18)
FNDA:6,UpdateProfileService
FNDA:6,(anonymous_20)
DA:4,1
DA:5,1
DA:18,1
DA:23,6
DA:26,6
DA:29,6
DA:31,6
DA:33,6
DA:35,5
DA:37,5
DA:39,4
DA:41,4
DA:42,2
DA:47,2
DA:49,1
DA:54,2
DA:55,2
DA:57,2
DA:60,1
DA:62,1
LF:20
LH:20
BRDA:31,0,0,6
BRDA:33,1,0,1
BRDA:37,2,0,1
BRDA:37,3,0,5
BRDA:37,3,1,1
BRDA:39,4,0,1
BRDA:39,5,0,4
BRDA:39,5,1,3
BRDA:41,6,0,1
BRDA:41,7,0,3
BRDA:41,7,1,2
BRDA:47,8,0,1
BRF:12
BRH:12
end_of_record
TN:
SF:src/modules/users/services/UpdateUserAvatarService.ts
FN:15,(anonymous_18)
FN:18,UpdateUserAvatarSevice
FN:26,(anonymous_20)
FNF:3
FNH:3
FNDA:1,(anonymous_18)
FNDA:3,UpdateUserAvatarSevice
FNDA:4,(anonymous_20)
DA:5,1
DA:6,1
DA:15,1
DA:20,3
DA:23,3
DA:26,4
DA:29,4
DA:31,4
DA:32,1
DA:35,5
DA:36,2
DA:39,3
DA:41,3
DA:42,6
DA:44,3
DA:47,1
DA:49,1
LF:17
LH:17
BRDA:29,0,0,4
BRDA:29,0,1,3
BRDA:31,1,0,1
BRDA:35,2,0,2
BRF:4
BRH:4
end_of_record
